<?xml version="1.0" encoding="UTF-8"?>
<testsuite xmlns:xsi="http://www.w3.org/2001/XMLSchema-instance" xsi:noNamespaceSchemaLocation="https://maven.apache.org/surefire/maven-surefire-plugin/xsd/surefire-test-report.xsd" version="3.0.2" name="com.medilabo.integrationtests.CriticalPathIntegrationTest" time="43.591" tests="4" errors="0" skipped="0" failures="0">
  <properties>
[...]
</properties>
  <testcase name="criticalPath_frontServiceDetailPage_rendersLiveUpstreamData" classname="com.medilabo.integrationtests.CriticalPathIntegrationTest" time="2.091">
    <system-out><![CDATA[20:31:05.074 [main] INFO org.testcontainers.images.PullPolicy -- Image pull policy will be performed by: DefaultPullPolicy()
20:31:05.077 [main] INFO org.testcontainers.utility.ImageNameSubstitutor -- Image name substitution will be performed by: DefaultImageNameSubstitutor (composite of 'ConfigurationFileImageNameSubstitutor' and 'PrefixingImageNameSubstitutor')
20:31:05.123 [main] INFO org.testcontainers.DockerClientFactory -- Testcontainers version: 2.0.3
20:31:05.244 [main] INFO org.testcontainers.dockerclient.DockerClientProviderStrategy -- Loaded org.testcontainers.dockerclient.NpipeSocketClientProviderStrategy from ~/.testcontainers.properties, will try it first
20:31:05.538 [main] INFO org.testcontainers.dockerclient.DockerClientProviderStrategy -- Found Docker environment with local Npipe socket (npipe:////./pipe/docker_engine)
20:31:05.539 [main] INFO org.testcontainers.DockerClientFactory -- Docker host IP address is localhost
20:31:05.555 [main] INFO org.testcontainers.DockerClientFactory -- Connected to docker: 
  Server Version: 28.3.0
  API Version: 1.51
  Operating System: Docker Desktop
  Total Memory: 32001 MB
  Labels: 
    com.docker.desktop.address=npipe://\\.\pipe\docker_cli
20:31:05.759 [main] INFO tc.testcontainers/ryuk:0.13.0 -- Creating container for image: testcontainers/ryuk:0.13.0
20:31:06.031 [main] INFO tc.testcontainers/ryuk:0.13.0 -- Container testcontainers/ryuk:0.13.0 is starting: 158ab0c0a515e406f2b64cab106967e7bac001f777e4e5a5af9888d6984c2900
20:31:06.672 [main] INFO tc.testcontainers/ryuk:0.13.0 -- Container testcontainers/ryuk:0.13.0 started in PT0.9132389S
20:31:06.677 [main] INFO org.testcontainers.utility.RyukResourceReaper -- Ryuk started - will monitor and terminate Testcontainers containers on JVM exit
20:31:06.677 [main] INFO org.testcontainers.DockerClientFactory -- Checking the system...
20:31:06.677 [main] INFO org.testcontainers.DockerClientFactory -- ?? Docker server version should be at least 1.6.0
20:31:06.678 [main] INFO tc.mongo:7.0 -- Creating container for image: mongo:7.0
20:31:06.795 [main] INFO tc.mongo:7.0 -- Container mongo:7.0 is starting: 86ca9e95531a99983760e79e59ad03f8fd006d54e13585e3fd920e9f9946de98
20:31:07.501 [main] INFO tc.mongo:7.0 -- Container mongo:7.0 started in PT0.8234293S
20:31:07.502 [main] INFO tc.mysql:8.0 -- Creating container for image: mysql:8.0
20:31:07.627 [main] INFO tc.mysql:8.0 -- Container mysql:8.0 is starting: da5a43a3f0be72ff10fc045593aaa8b5ef3cd2a6ad87f8d87d7f812a2b002d6c
20:31:07.913 [main] INFO tc.mysql:8.0 -- Waiting for database connection to become available at jdbc:mysql://localhost:42958/test using query 'SELECT 1'
20:31:25.277 [main] INFO tc.mysql:8.0 -- Container mysql:8.0 started in PT17.7756171S
20:31:25.277 [main] INFO tc.mysql:8.0 -- Container is started (JDBC URL: jdbc:mysql://localhost:42958/test)
20:31:30.542 [main] INFO org.mongodb.driver.client -- MongoClient with metadata {"driver": {"name": "mongo-java-driver|sync", "version": "5.6.3"}, "os": {"type": "Windows", "name": "Windows 11", "architecture": "amd64", "version": "10.0"}, "platform": "Java/JetBrains s.r.o./17.0.14+1-b1367.22"} created with settings MongoClientSettings{readPreference=primary, writeConcern=WriteConcern{w=null, wTimeout=null ms, journal=null}, retryWrites=true, retryReads=true, readConcern=ReadConcern{level=null}, credential=null, transportSettings=null, commandListeners=[], codecRegistry=ProvidersCodecRegistry{codecProviders=[ValueCodecProvider{}, BsonValueCodecProvider{}, DBRefCodecProvider{}, DBObjectCodecProvider{}, DocumentCodecProvider{}, CollectionCodecProvider{}, IterableCodecProvider{}, MapCodecProvider{}, GeoJsonCodecProvider{}, GridFSFileCodecProvider{}, Jsr310CodecProvider{}, JsonObjectCodecProvider{}, BsonCodecProvider{}, com.mongodb.client.model.mql.ExpressionCodecProvider@9c73fff, com.mongodb.Jep395RecordCodecProvider@71cea1b8, com.mongodb.KotlinCodecProvider@659f226a, EnumCodecProvider{}]}, loggerSettings=LoggerSettings{maxDocumentLength=1000}, clusterSettings={hosts=[localhost:42956], srvServiceName=mongodb, mode=SINGLE, requiredClusterType=UNKNOWN, requiredReplicaSetName='null', serverSelector='null', clusterListeners='[]', serverSelectionTimeout='30000 ms', localThreshold='15 ms'}, socketSettings=SocketSettings{connectTimeoutMS=10000, readTimeoutMS=0, receiveBufferSize=0, proxySettings=ProxySettings{host=null, port=null, username=null, password=null}}, heartbeatSocketSettings=SocketSettings{connectTimeoutMS=10000, readTimeoutMS=10000, receiveBufferSize=0, proxySettings=ProxySettings{host=null, port=null, username=null, password=null}}, connectionPoolSettings=ConnectionPoolSettings{maxSize=100, minSize=0, maxWaitTimeMS=120000, maxConnectionLifeTimeMS=0, maxConnectionIdleTimeMS=0, maintenanceInitialDelayMS=0, maintenanceFrequencyMS=60000, connectionPoolListeners=[], maxConnecting=2}, serverSettings=ServerSettings{heartbeatFrequencyMS=10000, minHeartbeatFrequencyMS=500, serverMonitoringMode=AUTO, serverListeners='[]', serverMonitorListeners='[]'}, sslSettings=SslSettings{enabled=false, invalidHostNameAllowed=false, context=null}, applicationName='null', compressorList=[], uuidRepresentation=UNSPECIFIED, serverApi=null, autoEncryptionSettings=null, dnsClient=null, inetAddressResolver=null, contextProvider=null, timeoutMS=null}
20:31:30.547 [cluster-ClusterId{value='6a6b9882017536ec9bcff4b2', description='null'}-localhost:42956] INFO org.mongodb.driver.cluster -- Monitor thread successfully connected to server with description ServerDescription{address=localhost:42956, type=STANDALONE, cryptd=false, state=CONNECTED, ok=true, minWireVersion=0, maxWireVersion=21, maxDocumentSize=16777216, logicalSessionTimeoutMinutes=30, roundTripTimeNanos=8568400, minRoundTripTimeNanos=0}
]]></system-out>
  </testcase>
  <testcase name="criticalPath_gatewayToRiskAssessment_returnsExpectedRiskBand()[1]" classname="com.medilabo.integrationtests.CriticalPathIntegrationTest" time="0.352"/>
  <testcase name="criticalPath_gatewayToRiskAssessment_returnsExpectedRiskBand()[2]" classname="com.medilabo.integrationtests.CriticalPathIntegrationTest" time="0.324"/>
  <testcase name="frontServiceDetailPage_withoutCredentials_isRejected" classname="com.medilabo.integrationtests.CriticalPathIntegrationTest" time="0.013"/>
</testsuite>